This is pdfTeX, Version 3.1415926-2.5-1.40.14 (TeX Live 2013) (format=pdflatex 2014.5.6)  12 JAN 2015 13:30
entering extended mode
 restricted \write18 enabled.
 %&-line parsing enabled.
**halodensityprofile_v2.tex
(./halodensityprofile_v2.tex
LaTeX2e <2011/06/27>
Babel <3.9k> and hyphenation patterns for 78 languages loaded.
(./aastex.cls
Document Class: aastex 2005/06/22 5.2/AAS markup document class
Class aastex Info: Original \LaTeX2.09 style by Chris Biemesderfer (chris@seago
at.com). Adapted to \LaTeXe by A. Ogawa (ogawa@teleport.com) on input line 83.
(/usr/local/texlive/2013/texmf-dist/tex/latex/base/article.cls
Document Class: article 2007/10/19 v1.4h Standard LaTeX document class
(/usr/local/texlive/2013/texmf-dist/tex/latex/base/size12.clo
File: size12.clo 2007/10/19 v1.4h Standard LaTeX file (size option)
)
\c@part=\count79
\c@section=\count80
\c@subsection=\count81
\c@subsubsection=\count82
\c@paragraph=\count83
\c@subparagraph=\count84
\c@figure=\count85
\c@table=\count86
\abovecaptionskip=\skip41
\belowcaptionskip=\skip42
\bibindent=\dimen102
)
(/usr/local/texlive/2013/texmf-dist/tex/latex/base/latexsym.sty
Package: latexsym 1998/08/17 v2.2e Standard LaTeX package (lasy symbols)
\symlasy=\mathgroup4
LaTeX Font Info:    Overwriting symbol font `lasy' in version `bold'
(Font)                  U/lasy/m/n --> U/lasy/b/n on input line 47.
)
(/usr/local/texlive/2013/texmf-dist/tex/latex/graphics/graphicx.sty
Package: graphicx 1999/02/16 v1.0f Enhanced LaTeX Graphics (DPC,SPQR)

(/usr/local/texlive/2013/texmf-dist/tex/latex/graphics/keyval.sty
Package: keyval 1999/03/16 v1.13 key=value parser (DPC)
\KV@toks@=\toks14
)
(/usr/local/texlive/2013/texmf-dist/tex/latex/graphics/graphics.sty
Package: graphics 2009/02/05 v1.0o Standard LaTeX Graphics (DPC,SPQR)

(/usr/local/texlive/2013/texmf-dist/tex/latex/graphics/trig.sty
Package: trig 1999/03/16 v1.09 sin cos tan (DPC)
)
(/usr/local/texlive/2013/texmf-dist/tex/latex/latexconfig/graphics.cfg
File: graphics.cfg 2010/04/23 v1.9 graphics configuration of TeX Live
)
Package graphics Info: Driver file: pdftex.def on input line 91.

(/usr/local/texlive/2013/texmf-dist/tex/latex/pdftex-def/pdftex.def
File: pdftex.def 2011/05/27 v0.06d Graphics/color for pdfTeX

(/usr/local/texlive/2013/texmf-dist/tex/generic/oberdiek/infwarerr.sty
Package: infwarerr 2010/04/08 v1.3 Providing info/warning/error messages (HO)
)
(/usr/local/texlive/2013/texmf-dist/tex/generic/oberdiek/ltxcmds.sty
Package: ltxcmds 2011/11/09 v1.22 LaTeX kernel commands for general use (HO)
)
\Gread@gobject=\count87
))
\Gin@req@height=\dimen103
\Gin@req@width=\dimen104
)
(/usr/local/texlive/2013/texmf-dist/tex/latex/amsfonts/amssymb.sty
Package: amssymb 2013/01/14 v3.01 AMS font symbols

(/usr/local/texlive/2013/texmf-dist/tex/latex/amsfonts/amsfonts.sty
Package: amsfonts 2013/01/14 v3.01 Basic AMSFonts support
\@emptytoks=\toks15
\symAMSa=\mathgroup5
\symAMSb=\mathgroup6
LaTeX Font Info:    Overwriting math alphabet `\mathfrak' in version `bold'
(Font)                  U/euf/m/n --> U/euf/b/n on input line 106.
))
(/usr/local/texlive/2013/texmf-dist/tex/latex/natbib/natbib.sty
Package: natbib 2010/09/13 8.31b (PWD, AO)
\bibhang=\skip43
\bibsep=\skip44
LaTeX Info: Redefining \cite on input line 694.
\c@NAT@ctr=\count88
)
(/usr/local/texlive/2013/texmf-dist/tex/latex/tools/verbatim.sty
Package: verbatim 2003/08/22 v1.5q LaTeX2e package for verbatim enhancements
\every@verbatim=\toks16
\verbatim@line=\toks17
\verbatim@in@stream=\read1
)
\@slugcmmntwidth=\dimen105
\abstract@box=\box26
\c@editornote=\count89
\c@cureqno=\count90
\tnotemarkskip=\skip45
\@abovenoteskip=\dimen106
\pt@box=\box27
\pt@width=\dimen107
\pt@line=\count91
\pt@column=\count92
\pt@nlines=\count93
\pt@ncol=\count94
\pt@page=\count95
\tabbaseskip=\dimen108
\pt@tmpcapwidth=\dimen109
\spew@tblnotesbox=\box28
\restof@tblnotesbox=\box29
\noteheight=\dimen110
\pt@tabnoteminht=\dimen111
\firsttabskip=\dimen112
\captionbox=\box30
\pt@reduceline=\dimen113
\extra@vspace=\dimen114
\c@plate=\count96
\my@footins=\box31
)
(/usr/local/texlive/2013/texmf-dist/tex/latex/amsmath/amsmath.sty
Package: amsmath 2013/01/14 v2.14 AMS math features
\@mathmargin=\skip46

For additional information on amsmath, use the `?' option.
(/usr/local/texlive/2013/texmf-dist/tex/latex/amsmath/amstext.sty
Package: amstext 2000/06/29 v2.01

(/usr/local/texlive/2013/texmf-dist/tex/latex/amsmath/amsgen.sty
File: amsgen.sty 1999/11/30 v2.0
\@emptytoks=\toks18
\ex@=\dimen115
))
(/usr/local/texlive/2013/texmf-dist/tex/latex/amsmath/amsbsy.sty
Package: amsbsy 1999/11/29 v1.2d
\pmbraise@=\dimen116
)
(/usr/local/texlive/2013/texmf-dist/tex/latex/amsmath/amsopn.sty
Package: amsopn 1999/12/14 v2.01 operator names
)
\inf@bad=\count97
LaTeX Info: Redefining \frac on input line 210.
\uproot@=\count98
\leftroot@=\count99
LaTeX Info: Redefining \overline on input line 306.
\classnum@=\count100
\DOTSCASE@=\count101
LaTeX Info: Redefining \ldots on input line 378.
LaTeX Info: Redefining \dots on input line 381.
LaTeX Info: Redefining \cdots on input line 466.
\Mathstrutbox@=\box32
\strutbox@=\box33
\big@size=\dimen117
LaTeX Font Info:    Redeclaring font encoding OML on input line 566.
LaTeX Font Info:    Redeclaring font encoding OMS on input line 567.
\macc@depth=\count102
\c@MaxMatrixCols=\count103
\dotsspace@=\muskip10
\c@parentequation=\count104
\dspbrk@lvl=\count105
\tag@help=\toks19
\row@=\count106
\column@=\count107
\maxfields@=\count108
\andhelp@=\toks20
\eqnshift@=\dimen118
\alignsep@=\dimen119
\tagshift@=\dimen120
\tagwidth@=\dimen121
\totwidth@=\dimen122
\lineht@=\dimen123
\@envbody=\toks21
\multlinegap=\skip47
\multlinetaggap=\skip48
\mathdisplay@stack=\toks22
LaTeX Info: Redefining \[ on input line 2665.
LaTeX Info: Redefining \] on input line 2666.
)
(/usr/local/texlive/2013/texmf-dist/tex/latex/graphics/color.sty
Package: color 2005/11/14 v1.0j Standard LaTeX Color (DPC)

(/usr/local/texlive/2013/texmf-dist/tex/latex/latexconfig/color.cfg
File: color.cfg 2007/01/18 v1.5 color configuration of teTeX/TeXLive
)
Package color Info: Driver file: pdftex.def on input line 130.
)
(./soul.sty
Package: soul 2003/11/17 v2.4 letterspacing/underlining (mf)
\SOUL@word=\toks23
\SOUL@lasttoken=\toks24
\SOUL@cmds=\toks25
\SOUL@buffer=\toks26
\SOUL@token=\toks27
\SOUL@spaceskip=\skip49
\SOUL@ttwidth=\dimen124
\SOUL@uldp=\dimen125
\SOUL@ulht=\dimen126
) (./morefloats.sty
\bx@S=\insert233
\bx@T=\insert232
\bx@U=\insert231
\bx@V=\insert230
\bx@W=\insert229
\bx@X=\insert228
\bx@Y=\insert227
\bx@Z=\insert226
\bx@AA=\insert225
\bx@BB=\insert224
\bx@CC=\insert223
\bx@DD=\insert222
\bx@EE=\insert221
\bx@FF=\insert220
\bx@GG=\insert219
\bx@HH=\insert218
\bx@II=\insert217
\bx@JJ=\insert216
)
(/usr/local/texlive/2013/texmf-dist/tex/latex/tools/longtable.sty
Package: longtable 2004/02/01 v4.11 Multi-page Table package (DPC)
\LTleft=\skip50
\LTright=\skip51
\LTpre=\skip52
\LTpost=\skip53
\LTchunksize=\count109
\LTcapwidth=\dimen127
\LT@head=\box34
\LT@firsthead=\box35
\LT@foot=\box36
\LT@lastfoot=\box37
\LT@cols=\count110
\LT@rows=\count111
\c@LT@tables=\count112
\c@LT@chunks=\count113
\LT@p@ftn=\toks28
)
(/usr/local/texlive/2013/texmf-dist/tex/latex/jknapltx/mathrsfs.sty
Package: mathrsfs 1996/01/01 Math RSFS package v1.0 (jk)
\symrsfs=\mathgroup7
)
(/usr/local/texlive/2013/texmf-dist/tex/latex/tools/tabularx.sty
Package: tabularx 1999/01/07 v2.07 `tabularx' package (DPC)

(/usr/local/texlive/2013/texmf-dist/tex/latex/tools/array.sty
Package: array 2008/09/09 v2.4c Tabular extension package (FMi)
\col@sep=\dimen128
\extrarowheight=\dimen129
\NC@list=\toks29
\extratabsurround=\skip54
\backup@length=\skip55
)
\TX@col@width=\dimen130
\TX@old@table=\dimen131
\TX@old@col=\dimen132
\TX@target=\dimen133
\TX@delta=\dimen134
\TX@cols=\count114
\TX@ftn=\toks30
)
(/usr/local/texlive/2013/texmf-dist/tex/latex/rotating/rotating.sty
Package: rotating 2009/03/28 v2.16a rotated objects in LaTeX

(/usr/local/texlive/2013/texmf-dist/tex/latex/base/ifthen.sty
Package: ifthen 2001/05/26 v1.1c Standard LaTeX ifthen package (DPC)
)
\c@r@tfl@t=\count115
\rotFPtop=\skip56
\rotFPbot=\skip57
\rot@float@box=\box38
\rot@mess@toks=\toks31
)
(./threeparttable.sty
Package: threeparttable 2003/06/13  v 3.0
\@tempboxb=\box39
)
(/usr/local/texlive/2013/texmf-dist/tex/latex/booktabs/booktabs.sty
Package: booktabs 2005/04/14 v1.61803 publication quality tables
\heavyrulewidth=\dimen135
\lightrulewidth=\dimen136
\cmidrulewidth=\dimen137
\belowrulesep=\dimen138
\belowbottomsep=\dimen139
\aboverulesep=\dimen140
\abovetopsep=\dimen141
\cmidrulesep=\dimen142
\cmidrulekern=\dimen143
\defaultaddspace=\dimen144
\@cmidla=\count116
\@cmidlb=\count117
\@aboverulesep=\dimen145
\@belowrulesep=\dimen146
\@thisruleclass=\count118
\@lastruleclass=\count119
\@thisrulewidth=\dimen147
)
(./caption.sty
Package: caption 2008/04/01 v3.1h Customizing captions (AR)
 (./caption3.sty
Package: caption3 2008/03/20 v3.1h caption3 kernel (AR)
\captionmargin=\dimen148
\captionmargin@=\dimen149
\captionwidth=\dimen150
\caption@indent=\dimen151
\caption@parindent=\dimen152
\caption@hangindent=\dimen153
Package caption Info: Unknown document class (or package),
(caption)             standard defaults will be used on input line 1024.
)

Package caption Warning: Unsupported document class (or package) detected,
(caption)                usage of the caption package is not recommended.

Package caption Info: \@makecaption = \long macro:#1#2->\vskip 2ex\noindent #1\
 #2\par .
\c@ContinuedFloat=\count120
Package caption Info: longtable package is loaded.
(/usr/local/texlive/2013/texmf-dist/tex/latex/caption/ltcaption.sty
Package: ltcaption 2013/02/03 v1.3-62 longtable captions (AR)
)
Package caption Info: rotating package is loaded.
Package caption Info: threeparttable package is loaded.
)
(/usr/local/texlive/2013/texmf-dist/tex/latex/base/fixltx2e.sty
Package: fixltx2e 2006/09/13 v1.1m fixes to LaTeX
LaTeX Info: Redefining \em on input line 420.
LaTeX Info: The control sequence `\[' is already robust on input line 471.
LaTeX Info: The control sequence `\]' is already robust on input line 472.
)
(/usr/local/texlive/2013/texmf-dist/tex/latex/tools/bm.sty
Package: bm 2004/02/26 v1.1c Bold Symbol Support (DPC/FMi)
\symboldoperators=\mathgroup8
\symboldletters=\mathgroup9
\symboldsymbols=\mathgroup10
\symboldlasy=\mathgroup11
LaTeX Font Info:    Redeclaring math alphabet \mathbf on input line 138.
LaTeX Info: Redefining \bm on input line 204.
)
(./halodensityprofile_v2.aux)
\openout1 = `halodensityprofile_v2.aux'.

LaTeX Font Info:    Checking defaults for OML/cmm/m/it on input line 19.
LaTeX Font Info:    ... okay on input line 19.
LaTeX Font Info:    Checking defaults for T1/cmr/m/n on input line 19.
LaTeX Font Info:    ... okay on input line 19.
LaTeX Font Info:    Checking defaults for OT1/cmr/m/n on input line 19.
LaTeX Font Info:    ... okay on input line 19.
LaTeX Font Info:    Checking defaults for OMS/cmsy/m/n on input line 19.
LaTeX Font Info:    ... okay on input line 19.
LaTeX Font Info:    Checking defaults for OMX/cmex/m/n on input line 19.
LaTeX Font Info:    ... okay on input line 19.
LaTeX Font Info:    Checking defaults for U/cmr/m/n on input line 19.
LaTeX Font Info:    ... okay on input line 19.

(/usr/local/texlive/2013/texmf-dist/tex/context/base/supp-pdf.mkii
[Loading MPS to PDF converter (version 2006.09.02).]
\scratchcounter=\count121
\scratchdimen=\dimen154
\scratchbox=\box40
\nofMPsegments=\count122
\nofMParguments=\count123
\everyMPshowfont=\toks32
\MPscratchCnt=\count124
\MPscratchDim=\dimen155
\MPnumerator=\count125
\makeMPintoPDFobject=\count126
\everyMPtoPDFconversion=\toks33
) (/usr/local/texlive/2013/texmf-dist/tex/generic/oberdiek/pdftexcmds.sty
Package: pdftexcmds 2011/11/29 v0.20 Utility functions of pdfTeX for LuaTeX (HO
)

(/usr/local/texlive/2013/texmf-dist/tex/generic/oberdiek/ifluatex.sty
Package: ifluatex 2010/03/01 v1.3 Provides the ifluatex switch (HO)
Package ifluatex Info: LuaTeX not detected.
)
(/usr/local/texlive/2013/texmf-dist/tex/generic/oberdiek/ifpdf.sty
Package: ifpdf 2011/01/30 v2.3 Provides the ifpdf switch (HO)
Package ifpdf Info: pdfTeX in PDF mode is detected.
)
Package pdftexcmds Info: LuaTeX not detected.
Package pdftexcmds Info: \pdf@primitive is available.
Package pdftexcmds Info: \pdf@ifprimitive is available.
Package pdftexcmds Info: \pdfdraftmode found.
)
(/usr/local/texlive/2013/texmf-dist/tex/latex/oberdiek/epstopdf-base.sty
Package: epstopdf-base 2010/02/09 v2.5 Base part for package epstopdf

(/usr/local/texlive/2013/texmf-dist/tex/latex/oberdiek/grfext.sty
Package: grfext 2010/08/19 v1.1 Manage graphics extensions (HO)

(/usr/local/texlive/2013/texmf-dist/tex/generic/oberdiek/kvdefinekeys.sty
Package: kvdefinekeys 2011/04/07 v1.3 Define keys (HO)
))
(/usr/local/texlive/2013/texmf-dist/tex/latex/oberdiek/kvoptions.sty
Package: kvoptions 2011/06/30 v3.11 Key value format for package options (HO)

(/usr/local/texlive/2013/texmf-dist/tex/generic/oberdiek/kvsetkeys.sty
Package: kvsetkeys 2012/04/25 v1.16 Key value parser (HO)

(/usr/local/texlive/2013/texmf-dist/tex/generic/oberdiek/etexcmds.sty
Package: etexcmds 2011/02/16 v1.5 Avoid name clashes with e-TeX commands (HO)
Package etexcmds Info: Could not find \expanded.
(etexcmds)             That can mean that you are not using pdfTeX 1.50 or
(etexcmds)             that some package has redefined \expanded.
(etexcmds)             In the latter case, load this package earlier.
)))
Package grfext Info: Graphics extension search list:
(grfext)             [.png,.pdf,.jpg,.mps,.jpeg,.jbig2,.jb2,.PNG,.PDF,.JPG,.JPE
G,.JBIG2,.JB2,.eps]
(grfext)             \AppendGraphicsExtensions on input line 452.

(/usr/local/texlive/2013/texmf-dist/tex/latex/latexconfig/epstopdf-sys.cfg
File: epstopdf-sys.cfg 2010/07/13 v1.3 Configuration of (r)epstopdf for TeX Liv
e
))
AAS preprint substyle, v5.2 <12 Dec 2003>.
Package caption Info: Begin \AtBeginDocument code.
Package caption Info: End \AtBeginDocument code.
LaTeX Font Info:    Try loading font information for U+lasy on input line 29.
(/usr/local/texlive/2013/texmf-dist/tex/latex/base/ulasy.fd
File: ulasy.fd 1998/08/17 v2.2e LaTeX symbol font definitions
)
LaTeX Font Info:    Try loading font information for U+msa on input line 29.

(/usr/local/texlive/2013/texmf-dist/tex/latex/amsfonts/umsa.fd
File: umsa.fd 2013/01/14 v3.01 AMS symbols A
)
LaTeX Font Info:    Try loading font information for U+msb on input line 29.

(/usr/local/texlive/2013/texmf-dist/tex/latex/amsfonts/umsb.fd
File: umsb.fd 2013/01/14 v3.01 AMS symbols B
)
LaTeX Font Info:    Try loading font information for U+rsfs on input line 29.

(/usr/local/texlive/2013/texmf-dist/tex/latex/jknapltx/ursfs.fd
File: ursfs.fd 1998/03/24 rsfs font definition file (jk)
)
LaTeX Font Info:    Font shape `U/lasy/b/n' in size <8> not available
(Font)              Font shape `U/lasy/m/n' tried instead on input line 29.
LaTeX Font Info:    Font shape `U/lasy/b/n' in size <6> not available
(Font)              Font shape `U/lasy/m/n' tried instead on input line 29.
LaTeX Font Info:    Font shape `U/lasy/b/n' in size <7> not available
(Font)              Font shape `U/lasy/m/n' tried instead on input line 33.
LaTeX Font Info:    Font shape `U/lasy/b/n' in size <5> not available
(Font)              Font shape `U/lasy/m/n' tried instead on input line 33.
Missing character: There is no â in font cmr8!
Missing character: There is no ˆ in font cmr8!
Missing character: There is no ’ in font cmr8!
LaTeX Font Info:    Try loading font information for OMS+cmr on input line 49.

(/usr/local/texlive/2013/texmf-dist/tex/latex/base/omscmr.fd
File: omscmr.fd 1999/05/25 v2.5h Standard LaTeX font definitions
)
LaTeX Font Info:    Font shape `OMS/cmr/m/n' in size <12> not available
(Font)              Font shape `OMS/cmsy/m/n' tried instead on input line 49.
 [1

{/usr/local/texlive/2013/texmf-var/fonts/map/pdftex/updmap/pdftex.map}] [2] [3]
 [4]
Overfull \hbox (8.46088pt too wide) in paragraph at lines 83--84
[]\OT1/cmr/m/n/12 We pre-sume that the stel-lar halo dis-tri-bu-tion can be sen
-si-bly ap-prox-i-mated by a spheroidal
 []

[5] [6]
Overfull \hbox (9.46648pt too wide) in alignment at lines 119--122
 [][][] []
 []


Overfull \hbox (3.3218pt too wide) in paragraph at lines 122--125
\OT1/cmr/m/n/12 The Ja-co-bian term $\OMS/cmsy/m/n/12 j\OT1/cmr/m/n/12 J(x\OML/
cmm/m/it/12 ; \OT1/cmr/m/n/12 y\OML/cmm/m/it/12 ; \OT1/cmr/m/n/12 z; []\OML/cmm
/m/it/12 ; \OT1/cmr/m/n/12 l\OML/cmm/m/it/12 ; \OT1/cmr/m/n/12 b)\OMS/cmsy/m/n/
12 j$ \OT1/cmr/m/n/12 ac-counts for the trans-for-ma-tion from carte-sian $(x\O
ML/cmm/m/it/12 ; \OT1/cmr/m/n/12 y\OML/cmm/m/it/12 ; \OT1/cmr/m/n/12 z)$
 []


Overfull \hbox (49.77148pt too wide) in alignment at lines 128--133
 [][][] []
 []


Overfull \hbox (33.21562pt too wide) detected at line 138
\OT1/cmr/m/n/12 p([]) \OMS/cmsy/m/n/12 / []
 []


Overfull \hbox (64.06451pt too wide) detected at line 144
\OT1/cmr/m/n/12 S(l[]\OML/cmm/m/it/12 ; \OT1/cmr/m/n/12 b[]) = []
 []


Overfull \hbox (108.87827pt too wide) detected at line 150
\OT1/cmr/m/n/12 S(m([]\OML/cmm/m/it/12 ; \OT1/cmr/m/n/12 M[])\OML/cmm/m/it/12 ;
 \OT1/cmr/m/n/12 c(M[]\OML/cmm/m/it/12 ; []\OT1/cmr/m/n/12 )) \OMS/cmsy/m/n/12 
/ []
 []

[7] [8] [9] [10] [11] (./halodensityprofile_v2.bbl [12] [13]) [14]
<skymap_lkg.png, id=63, 578.16pt x 433.62pt>
File: skymap_lkg.png Graphic file (type png)
 <use skymap_lkg.png>
Package pdftex.def Info: skymap_lkg.png used on input line 292.
(pdftex.def)             Requested size: 234.87692pt x 182.12578pt.

<xz_lkg.png, id=65, 578.16pt x 433.62pt>
File: xz_lkg.png Graphic file (type png)
 <use xz_lkg.png>
Package pdftex.def Info: xz_lkg.png used on input line 293.
(pdftex.def)             Requested size: 234.87692pt x 182.12578pt.

<rgcfeh_lkg.png, id=66, 578.16pt x 433.62pt>
File: rgcfeh_lkg.png Graphic file (type png)
 <use rgcfeh_lkg.png>
Package pdftex.def Info: rgcfeh_lkg.png used on input line 294.
(pdftex.def)             Requested size: 234.87692pt x 182.12578pt.

<xy_lkg.png, id=67, 578.16pt x 433.62pt>
File: xy_lkg.png Graphic file (type png)
 <use xy_lkg.png>
Package pdftex.def Info: xy_lkg.png used on input line 295.
(pdftex.def)             Requested size: 234.87692pt x 182.12578pt.

Overfull \hbox (2.60994pt too wide) in paragraph at lines 292--296
[][] []
 []


Overfull \hbox (2.60994pt too wide) in paragraph at lines 292--296
[] [] 
 []

Package epstopdf Info: Source file: <gmrvsr0_lctarget.eps>
(epstopdf)                    date: 2014-12-09 08:02:41
(epstopdf)                    size: 31108 bytes
(epstopdf)             Output file: <gmrvsr0_lctarget-eps-converted-to.pdf>
(epstopdf)                    date: 2014-12-26 06:00:33
(epstopdf)                    size: 12736 bytes
(epstopdf)             Command: <repstopdf --outfile=gmrvsr0_lctarget-eps-conve
rted-to.pdf gmrvsr0_lctarget.eps>
(epstopdf)             \includegraphics on input line 301.
Package epstopdf Info: Output file is already uptodate.
<gmrvsr0_lctarget-eps-converted-to.pdf, id=68, 505.89pt x 361.35pt>
File: gmrvsr0_lctarget-eps-converted-to.pdf Graphic file (type pdf)

<use gmrvsr0_lctarget-eps-converted-to.pdf>
Package pdftex.def Info: gmrvsr0_lctarget-eps-converted-to.pdf used on input li
ne 301.
(pdftex.def)             Requested size: 225.47928pt x 182.12466pt.
Package epstopdf Info: Source file: <gmrvsumg_lctarget.eps>
(epstopdf)                    date: 2014-12-09 08:02:41
(epstopdf)                    size: 34055 bytes
(epstopdf)             Output file: <gmrvsumg_lctarget-eps-converted-to.pdf>
(epstopdf)                    date: 2014-12-26 06:00:34
(epstopdf)                    size: 13914 bytes
(epstopdf)             Command: <repstopdf --outfile=gmrvsumg_lctarget-eps-conv
erted-to.pdf gmrvsumg_lctarget.eps>
(epstopdf)             \includegraphics on input line 302.
Package epstopdf Info: Output file is already uptodate.

<gmrvsumg_lctarget-eps-converted-to.pdf, id=69, 505.89pt x 361.35pt>
File: gmrvsumg_lctarget-eps-converted-to.pdf Graphic file (type pdf)

<use gmrvsumg_lctarget-eps-converted-to.pdf>
Package pdftex.def Info: gmrvsumg_lctarget-eps-converted-to.pdf used on input l
ine 302.
(pdftex.def)             Requested size: 225.47928pt x 182.12466pt.
Package epstopdf Info: Source file: <gmrvslcolor_lctarget.eps>
(epstopdf)                    date: 2014-12-09 08:02:41
(epstopdf)                    size: 34332 bytes
(epstopdf)             Output file: <gmrvslcolor_lctarget-eps-converted-to.pdf>

(epstopdf)                    date: 2014-12-26 06:00:35
(epstopdf)                    size: 13875 bytes
(epstopdf)             Command: <repstopdf --outfile=gmrvslcolor_lctarget-eps-c
onverted-to.pdf gmrvslcolor_lctarget.eps>
(epstopdf)             \includegraphics on input line 303.
Package epstopdf Info: Output file is already uptodate.

<gmrvslcolor_lctarget-eps-converted-to.pdf, id=70, 505.89pt x 361.35pt>
File: gmrvslcolor_lctarget-eps-converted-to.pdf Graphic file (type pdf)

<use gmrvslcolor_lctarget-eps-converted-to.pdf>
Package pdftex.def Info: gmrvslcolor_lctarget-eps-converted-to.pdf used on inpu
t line 303.
(pdftex.def)             Requested size: 225.47928pt x 182.12466pt.
Package epstopdf Info: Source file: <umgvsrmi_lctarget.eps>
(epstopdf)                    date: 2014-12-09 08:02:41
(epstopdf)                    size: 36413 bytes
(epstopdf)             Output file: <umgvsrmi_lctarget-eps-converted-to.pdf>
(epstopdf)                    date: 2014-12-26 06:00:37
(epstopdf)                    size: 14625 bytes
(epstopdf)             Command: <repstopdf --outfile=umgvsrmi_lctarget-eps-conv
erted-to.pdf umgvsrmi_lctarget.eps>
(epstopdf)             \includegraphics on input line 304.
Package epstopdf Info: Output file is already uptodate.

<umgvsrmi_lctarget-eps-converted-to.pdf, id=71, 505.89pt x 361.35pt>
File: umgvsrmi_lctarget-eps-converted-to.pdf Graphic file (type pdf)

<use umgvsrmi_lctarget-eps-converted-to.pdf>
Package pdftex.def Info: umgvsrmi_lctarget-eps-converted-to.pdf used on input l
ine 304.
(pdftex.def)             Requested size: 225.47928pt x 182.12466pt.

<sfxzlkg.png, id=72, 744.7825pt x 451.6875pt>
File: sfxzlkg.png Graphic file (type png)
 <use sfxzlkg.png>
Package pdftex.def Info: sfxzlkg.png used on input line 310.
(pdftex.def)             Requested size: 225.48207pt x 182.12604pt.

<sfxylkg.png, id=73, 744.7825pt x 451.6875pt>
File: sfxylkg.png Graphic file (type png)
 <use sfxylkg.png>
Package pdftex.def Info: sfxylkg.png used on input line 311.
(pdftex.def)             Requested size: 225.48207pt x 182.12604pt.

<triangleeinasto.png, id=74, 527.571pt x 527.571pt>
File: triangleeinasto.png Graphic file (type png)
 <use triangleeinasto.png>
Package pdftex.def Info: triangleeinasto.png used on input line 317.
(pdftex.def)             Requested size: 469.75499pt x 469.75407pt.

<pdm_hptest_allmodels.png, id=75, 427.1157pt x 324.7332pt>
File: pdm_hptest_allmodels.png Graphic file (type png)

<use pdm_hptest_allmodels.png>
Package pdftex.def Info: pdm_hptest_allmodels.png used on input line 323.
(pdftex.def)             Requested size: 469.75499pt x 357.16798pt.
 <trianglebpl.png, id=76, 679.338pt x 679.338pt>
File: trianglebpl.png Graphic file (type png)

<use trianglebpl.png>
Package pdftex.def Info: trianglebpl.png used on input line 329.
(pdftex.def)             Requested size: 469.75499pt x 469.76994pt.
Package epstopdf Info: Source file: <doublehp_reffqfehbin_Nov12014_einasto_pts9
6_fixn_contour.eps>
(epstopdf)                    date: 2014-12-10 17:47:29
(epstopdf)                    size: 8870 bytes
(epstopdf)             Output file: <doublehp_reffqfehbin_Nov12014_einasto_pts9
6_fixn_contour-eps-converted-to.pdf>
(epstopdf)                    date: 2014-12-26 06:00:38
(epstopdf)                    size: 8113 bytes
(epstopdf)             Command: <repstopdf --outfile=doublehp_reffqfehbin_Nov12
014_einasto_pts96_fixn_contour-eps-converted-to.pdf doublehp_reffqfehbin_Nov120
14_einasto_pts96_fixn_contour.eps>
(epstopdf)             \includegraphics on input line 335.
Package epstopdf Info: Output file is already uptodate.

<doublehp_reffqfehbin_Nov12014_einasto_pts96_fixn_contour-eps-converted-to.pdf,
 id=77, 505.89pt x 361.35pt>
File: doublehp_reffqfehbin_Nov12014_einasto_pts96_fixn_contour-eps-converted-to
.pdf Graphic file (type pdf)

<use doublehp_reffqfehbin_Nov12014_einasto_pts96_fixn_contour-eps-converted-to.
pdf>
Package pdftex.def Info: doublehp_reffqfehbin_Nov12014_einasto_pts96_fixn_conto
ur-eps-converted-to.pdf used on input line 335.
(pdftex.def)             Requested size: 469.75499pt x 335.54477pt.
 <q_variation.png, id=78, 578.16pt x 433.62pt>
File: q_variation.png Graphic file (type png)
 <use q_variation.png>
Package pdftex.def Info: q_variation.png used on input line 341.
(pdftex.def)             Requested size: 469.75499pt x 352.31538pt.

<density_45d_compareqv.png, id=79, 578.16pt x 433.62pt>
File: density_45d_compareqv.png Graphic file (type png)

<use density_45d_compareqv.png>
Package pdftex.def Info: density_45d_compareqv.png used on input line 347.
(pdftex.def)             Requested size: 422.77669pt x 273.18866pt.

<density_45d_mcmc.png, id=80, 578.16pt x 433.62pt>
File: density_45d_mcmc.png Graphic file (type png)
 <use density_45d_mcmc.png>
Package pdftex.def Info: density_45d_mcmc.png used on input line 348.
(pdftex.def)             Requested size: 422.77669pt x 273.18866pt.


LaTeX Warning: Float too large for page by 129.77115pt on input line 351.

<combinexueanddeason.png, id=81, 578.16pt x 433.62pt>
File: combinexueanddeason.png Graphic file (type png)

<use combinexueanddeason.png>
Package pdftex.def Info: combinexueanddeason.png used on input line 354.
(pdftex.def)             Requested size: 469.75499pt x 352.31538pt.

Underfull \hbox (badness 10000) in alignment at lines 374--374
[][][][] 
 []


Overfull \hbox (46.97836pt too wide) in paragraph at lines 362--379
[] 
 []

[15 <./skymap_lkg.png> <./xz_lkg.png> <./rgcfeh_lkg.png> <./xy_lkg.png>]
[16 <./gmrvsr0_lctarget-eps-converted-to.pdf> <./gmrvsumg_lctarget-eps-converte
d-to.pdf> <./gmrvslcolor_lctarget-eps-converted-to.pdf> <./umgvsrmi_lctarget-ep
s-converted-to.pdf>] [17 <./sfxzlkg.png> <./sfxylkg.png>] [18 <./triangleeinast
o.png>] [19 <./pdm_hptest_allmodels.png>] [20 <./trianglebpl.png>] [21 <./doubl
ehp_reffqfehbin_Nov12014_einasto_pts96_fixn_contour-eps-converted-to.pdf>]
[22 <./q_variation.png>] [23 <./density_45d_compareqv.png> <./density_45d_mcmc.
png>] [24 <./combinexueanddeason.png>] (./halodensityprofile_v2.aux) ) 
Here is how much of TeX's memory you used:
 5276 strings out of 493308
 73729 string characters out of 6137817
 164014 words of memory out of 5000000
 8577 multiletter control sequences out of 15000+600000
 20849 words of font info for 86 fonts, out of 8000000 for 9000
 957 hyphenation exceptions out of 8191
 38i,17n,39p,2181b,418s stack positions out of 5000i,500n,10000p,200000b,80000s
</usr/loc
al/texlive/2013/texmf-dist/fonts/type1/public/amsfonts/cm/cmbx12.pfb></usr/loca
l/texlive/2013/texmf-dist/fonts/type1/public/amsfonts/cm/cmbx5.pfb></usr/local/
texlive/2013/texmf-dist/fonts/type1/public/amsfonts/cm/cmbx6.pfb></usr/local/te
xlive/2013/texmf-dist/fonts/type1/public/amsfonts/cm/cmex10.pfb></usr/local/tex
live/2013/texmf-dist/fonts/type1/public/amsfonts/cm/cmmi12.pfb></usr/local/texl
ive/2013/texmf-dist/fonts/type1/public/amsfonts/cm/cmmi6.pfb></usr/local/texliv
e/2013/texmf-dist/fonts/type1/public/amsfonts/cm/cmmi8.pfb></usr/local/texlive/
2013/texmf-dist/fonts/type1/public/amsfonts/cmextra/cmmib5.pfb></usr/local/texl
ive/2013/texmf-dist/fonts/type1/public/amsfonts/cmextra/cmmib6.pfb></usr/local/
texlive/2013/texmf-dist/fonts/type1/public/amsfonts/cm/cmr10.pfb></usr/local/te
xlive/2013/texmf-dist/fonts/type1/public/amsfonts/cm/cmr12.pfb></usr/local/texl
ive/2013/texmf-dist/fonts/type1/public/amsfonts/cm/cmr5.pfb></usr/local/texlive
/2013/texmf-dist/fonts/type1/public/amsfonts/cm/cmr6.pfb></usr/local/texlive/20
13/texmf-dist/fonts/type1/public/amsfonts/cm/cmr7.pfb></usr/local/texlive/2013/
texmf-dist/fonts/type1/public/amsfonts/cm/cmr8.pfb></usr/local/texlive/2013/tex
mf-dist/fonts/type1/public/amsfonts/cm/cmsy10.pfb></usr/local/texlive/2013/texm
f-dist/fonts/type1/public/amsfonts/cm/cmsy6.pfb></usr/local/texlive/2013/texmf-
dist/fonts/type1/public/amsfonts/cm/cmsy8.pfb></usr/local/texlive/2013/texmf-di
st/fonts/type1/public/amsfonts/cm/cmti12.pfb></usr/local/texlive/2013/texmf-dis
t/fonts/type1/public/amsfonts/symbols/msam10.pfb></usr/local/texlive/2013/texmf
-dist/fonts/type1/public/rsfs/rsfs10.pfb></usr/local/texlive/2013/texmf-dist/fo
nts/type1/public/rsfs/rsfs5.pfb>
Output written on halodensityprofile_v2.pdf (24 pages, 2131051 bytes).
PDF statistics:
 234 PDF objects out of 1000 (max. 8388607)
 146 compressed objects within 2 object streams
 0 named destinations out of 1000 (max. 500000)
 91 words of extra memory for PDF output out of 10000 (max. 10000000)

